<?xml version="1.0" encoding="UTF-8"?>
<!-- Generated by org.testng.reporters.JUnitXMLReporter -->
<testsuite ignored="0" hostname="AnkitYadav" failures="1" tests="1" name="Test" time="52.541" errors="0" timestamp="2024-08-27T14:48:13 IST">
  <testcase classname="com.awt.test.User.AdminConfiguration.Settings.MasterCreation.AdminMasterCreationTest" name="verifyAdminMasterCreation" time="31.407">
    <failure type="java.lang.AssertionError" message="The following asserts failed:
	did not expect [DWaaD -&amp;amp;&amp;amp;] but found [DWaaD -&amp;amp;&amp;amp;],
	did not expect [XEI9oLwVH6hf66BjGhOYqYM5ug3i77Pz17d] but found [XEI9oLwVH6hf66BjGhOYqYM5ug3i77Pz17d],
	did not expect [47rKzkTatrfk2f5vRxTInZveDAzY7ewwngwcIcsvD4npH1IXEib5X5BJOPeaGwpHecbq3C7OS2YLWlhOal8aiyItF0keoQ9Y5xquOdo9L] but found [47rKzkTatrfk2f5vRxTInZveDAzY7ewwngwcIcsvD4npH1IXEib5X5BJOPeaGwpHecbq3C7OS2YLWlhOal8aiyItF0keoQ9Y5xquOdo9L]">
      <![CDATA[java.lang.AssertionError: The following asserts failed:
did not expect [DWaaD -&&] but found [DWaaD -&&],
did not expect [XEI9oLwVH6hf66BjGhOYqYM5ug3i77Pz17d] but found [XEI9oLwVH6hf66BjGhOYqYM5ug3i77Pz17d],
did not expect [47rKzkTatrfk2f5vRxTInZveDAzY7ewwngwcIcsvD4npH1IXEib5X5BJOPeaGwpHecbq3C7OS2YLWlhOal8aiyItF0keoQ9Y5xquOdo9L] but found [47rKzkTatrfk2f5vRxTInZveDAzY7ewwngwcIcsvD4npH1IXEib5X5BJOPeaGwpHecbq3C7OS2YLWlhOal8aiyItF0keoQ9Y5xquOdo9L]
at com.awt.utills.reusablecomponents.SoftAssertTest.assertAll(SoftAssertTest.java:212)
at com.awt.test.User.AdminConfiguration.Settings.MasterCreation.AdminMasterCreationTest.verifyAdminMasterCreation(AdminMasterCreationTest.java:102)
at java.base/java.util.concurrent.ThreadPoolExecutor.runWorker(ThreadPoolExecutor.java:1136)
at java.base/java.util.concurrent.ThreadPoolExecutor$Worker.run(ThreadPoolExecutor.java:635)
at java.base/java.lang.Thread.run(Thread.java:842)
... Removed 14 stack frames]]>
    </failure>
  </testcase> <!-- verifyAdminMasterCreation -->
</testsuite> <!-- Test -->
