<html>
<head>
<title>TestNG:  Test</title>
<link href="../testng.css" rel="stylesheet" type="text/css" />
<link href="../my-testng.css" rel="stylesheet" type="text/css" />

<style type="text/css">
.log { display: none;} 
.stack-trace { display: none;} 
</style>
<script type="text/javascript">
<!--
function flip(e) {
  current = e.style.display;
  if (current == 'block') {
    e.style.display = 'none';
    return 0;
  }
  else {
    e.style.display = 'block';
    return 1;
  }
}

function toggleBox(szDivId, elem, msg1, msg2)
{
  var res = -1;  if (document.getElementById) {
    res = flip(document.getElementById(szDivId));
  }
  else if (document.all) {
    // this is the way old msie versions work
    res = flip(document.all[szDivId]);
  }
  if(elem) {
    if(res == 0) elem.innerHTML = msg1; else elem.innerHTML = msg2;
  }

}

function toggleAllBoxes() {
  if (document.getElementsByTagName) {
    d = document.getElementsByTagName('div');
    for (i = 0; i < d.length; i++) {
      if (d[i].className == 'log') {
        flip(d[i]);
      }
    }
  }
}

// -->
</script>

</head>
<body>
<h2 align='center'>Test</h2><table border='1' align="center">
<tr>
<td>Tests passed/Failed/Skipped:</td><td>0/1/0</td>
</tr><tr>
<td>Started on:</td><td>Thu Aug 29 18:33:43 IST 2024</td>
</tr>
<tr><td>Total time:</td><td>139 seconds (139140 ms)</td>
</tr><tr>
<td>Included groups:</td><td></td>
</tr><tr>
<td>Excluded groups:</td><td></td>
</tr>
</table><p/>
<small><i>(Hover the method name to see the test class name)</i></small><p/>
<table width='100%' border='1' class='invocation-failed'>
<tr><td colspan='4' align='center'><b>FAILED TESTS</b></td></tr>
<tr><td><b>Test method</b></td>
<td width="30%"><b>Exception</b></td>
<td width="10%"><b>Time (seconds)</b></td>
<td><b>Instance</b></td>
</tr>
<tr>
<td title='com.awt.test.User.AdminConfiguration.Settings.MasterCreation.AdminMasterCreationTest.verifyAdminMasterCreation()'><b>verifyAdminMasterCreation</b><br>Test class: com.awt.test.User.AdminConfiguration.Settings.MasterCreation.AdminMasterCreationTest</td>
<td><div><pre>java.lang.AssertionError: The following asserts failed:
	did not expect [VqUgJ -&amp;&amp;] but found [VqUgJ -&amp;&amp;],
	did not expect [EuQ8jV9OKXmsx2WJlixs6dis5wymiIUjgML] but found [EuQ8jV9OKXmsx2WJlixs6dis5wymiIUjgML],
	did not expect [ptR374bXJ5NdR9POAgC3hI7yM8h9Bf1MYmkCkbSpOAtXywR2m6I3jmG8r5azzz7y4qnnPx573VHVPoU4O1ukn3elX9zliw56VgURd09Kg] but found [ptR374bXJ5NdR9POAgC3hI7yM8h9Bf1MYmkCkbSpOAtXywR2m6I3jmG8r5azzz7y4qnnPx573VHVPoU4O1ukn3elX9zliw56VgURd09Kg],
	did not expect [gvpooCPjRJdFpzpbcgiOfoRjdJMtGxUdWVt] but found [gvpooCPjRJdFpzpbcgiOfoRjdJMtGxUdWVt],
	did not expect [hjCfF -&amp;&amp;] but found [hjCfF -&amp;&amp;],
	did not expect [9cz4yKKAZqR4gtffl9temsS5yP9CNlymeVb] but found [9cz4yKKAZqR4gtffl9temsS5yP9CNlymeVb],
	did not expect [sOliZJzB9R9q7R5qoiNanKI7kt8yr9tNdUMSRwVjAtS6yUCEVAN3wBo2tClzxC9gwpmaLYEi2nOWUtx9TR95BLaxbLosuSNI2KZ0ACMrR] but found [sOliZJzB9R9q7R5qoiNanKI7kt8yr9tNdUMSRwVjAtS6yUCEVAN3wBo2tClzxC9gwpmaLYEi2nOWUtx9TR95BLaxbLosuSNI2KZ0ACMrR],
	did not expect [hMGOwQgSPpqynShhxRjwBapxipozKnaVrAC] but found [hMGOwQgSPpqynShhxRjwBapxipozKnaVrAC]
	at com.awt.utills.reusablecomponents.SoftAssertTest.assertAll(SoftAssertTest.java:212)
	at com.awt.test.User.AdminConfiguration.Settings.MasterCreation.AdminMasterCreationTest.verifyAdminMasterCreation(AdminMasterCreationTest.java:114)
	at java.base/java.util.concurrent.ThreadPoolExecutor.runWorker(ThreadPoolExecutor.java:1136)
	at java.base/java.util.concurrent.ThreadPoolExecutor$Worker.run(ThreadPoolExecutor.java:635)
	at java.base/java.lang.Thread.run(Thread.java:842)
... Removed 14 stack frames</pre></div><a href='#' onClick='toggleBox("stack-trace617245767", this, "Click to show all stack frames", "Click to hide stack frames")'>Click to show all stack frames</a>
<div class='stack-trace' id='stack-trace617245767'><pre>java.lang.AssertionError: The following asserts failed:
	did not expect [VqUgJ -&amp;&amp;] but found [VqUgJ -&amp;&amp;],
	did not expect [EuQ8jV9OKXmsx2WJlixs6dis5wymiIUjgML] but found [EuQ8jV9OKXmsx2WJlixs6dis5wymiIUjgML],
	did not expect [ptR374bXJ5NdR9POAgC3hI7yM8h9Bf1MYmkCkbSpOAtXywR2m6I3jmG8r5azzz7y4qnnPx573VHVPoU4O1ukn3elX9zliw56VgURd09Kg] but found [ptR374bXJ5NdR9POAgC3hI7yM8h9Bf1MYmkCkbSpOAtXywR2m6I3jmG8r5azzz7y4qnnPx573VHVPoU4O1ukn3elX9zliw56VgURd09Kg],
	did not expect [gvpooCPjRJdFpzpbcgiOfoRjdJMtGxUdWVt] but found [gvpooCPjRJdFpzpbcgiOfoRjdJMtGxUdWVt],
	did not expect [hjCfF -&amp;&amp;] but found [hjCfF -&amp;&amp;],
	did not expect [9cz4yKKAZqR4gtffl9temsS5yP9CNlymeVb] but found [9cz4yKKAZqR4gtffl9temsS5yP9CNlymeVb],
	did not expect [sOliZJzB9R9q7R5qoiNanKI7kt8yr9tNdUMSRwVjAtS6yUCEVAN3wBo2tClzxC9gwpmaLYEi2nOWUtx9TR95BLaxbLosuSNI2KZ0ACMrR] but found [sOliZJzB9R9q7R5qoiNanKI7kt8yr9tNdUMSRwVjAtS6yUCEVAN3wBo2tClzxC9gwpmaLYEi2nOWUtx9TR95BLaxbLosuSNI2KZ0ACMrR],
	did not expect [hMGOwQgSPpqynShhxRjwBapxipozKnaVrAC] but found [hMGOwQgSPpqynShhxRjwBapxipozKnaVrAC]
	at org.testng.asserts.SoftAssert.assertAll(SoftAssert.java:47)
	at org.testng.asserts.SoftAssert.assertAll(SoftAssert.java:31)
	at com.awt.utills.reusablecomponents.SoftAssertTest.assertAll(SoftAssertTest.java:212)
	at com.awt.test.User.AdminConfiguration.Settings.MasterCreation.AdminMasterCreationTest.verifyAdminMasterCreation(AdminMasterCreationTest.java:114)
	at java.base/jdk.internal.reflect.NativeMethodAccessorImpl.invoke0(Native Method)
	at java.base/jdk.internal.reflect.NativeMethodAccessorImpl.invoke(NativeMethodAccessorImpl.java:77)
	at java.base/jdk.internal.reflect.DelegatingMethodAccessorImpl.invoke(DelegatingMethodAccessorImpl.java:43)
	at java.base/java.lang.reflect.Method.invoke(Method.java:568)
	at org.testng.internal.MethodInvocationHelper.invokeMethod(MethodInvocationHelper.java:133)
	at org.testng.internal.TestInvoker.invokeMethod(TestInvoker.java:598)
	at org.testng.internal.TestInvoker.invokeTestMethod(TestInvoker.java:173)
	at org.testng.internal.MethodRunner.runInSequence(MethodRunner.java:46)
	at org.testng.internal.TestInvoker$MethodInvocationAgent.invoke(TestInvoker.java:824)
	at org.testng.internal.TestInvoker.invokeTestMethods(TestInvoker.java:146)
	at org.testng.internal.TestMethodWorker.invokeTestMethods(TestMethodWorker.java:146)
	at org.testng.internal.TestMethodWorker.run(TestMethodWorker.java:128)
	at java.base/java.util.concurrent.ThreadPoolExecutor.runWorker(ThreadPoolExecutor.java:1136)
	at java.base/java.util.concurrent.ThreadPoolExecutor$Worker.run(ThreadPoolExecutor.java:635)
	at java.base/java.lang.Thread.run(Thread.java:842)
</pre></div></td>
<td>134</td>
<td>com.awt.test.User.AdminConfiguration.Settings.MasterCreation.AdminMasterCreationTest@128d2484</td></tr>
</table><p>
</body>
</html>