<?xml version="1.0" encoding="UTF-8"?>
<testng-results ignored="0" total="1" passed="0" failed="1" skipped="0">
  <reporter-output>
  </reporter-output>
  <suite started-at="2025-02-25T18:17:55 IST" name="Demo" finished-at="2025-02-25T18:21:37 IST" duration-ms="222173">
    <groups>
      <group name="Functional">
        <method signature="VillageDetailsPageTest.verifyVillageDetailsPage()[pri:0, instance:com.awt.test.Irrigation.oms.Master.Add_View_Village.VillageDetailsPageTest@459e9125]" name="verifyVillageDetailsPage" class="com.awt.test.Irrigation.oms.Master.Add_View_Village.VillageDetailsPageTest"/>
      </group> <!-- Functional -->
      <group name="Log In">
        <method signature="VillageDetailsPageTest.verifyVillageDetailsPage()[pri:0, instance:com.awt.test.Irrigation.oms.Master.Add_View_Village.VillageDetailsPageTest@459e9125]" name="verifyVillageDetailsPage" class="com.awt.test.Irrigation.oms.Master.Add_View_Village.VillageDetailsPageTest"/>
      </group> <!-- Log In -->
    </groups>
    <test started-at="2025-02-25T18:17:55 IST" name="Test" finished-at="2025-02-25T18:21:37 IST" duration-ms="222173">
      <class name="com.awt.test.Irrigation.oms.Master.Add_View_Village.VillageDetailsPageTest">
        <test-method is-config="true" signature="launchBrowser(java.lang.String)[pri:0, instance:com.awt.test.Irrigation.oms.Master.Add_View_Village.VillageDetailsPageTest@459e9125]" started-at="2025-02-25T18:17:55 IST" name="launchBrowser" finished-at="2025-02-25T18:17:58 IST" duration-ms="2788" status="PASS">
          <params>
            <param index="0">
              <value>
                <![CDATA[0]]>
              </value>
            </param>
          </params>
          <reporter-output>
          </reporter-output>
        </test-method> <!-- launchBrowser -->
        <test-method signature="verifyVillageDetailsPage()[pri:0, instance:com.awt.test.Irrigation.oms.Master.Add_View_Village.VillageDetailsPageTest@459e9125]" started-at="2025-02-25T18:17:58 IST" name="verifyVillageDetailsPage" finished-at="2025-02-25T18:21:36 IST" duration-ms="217355" status="FAIL">
          <exception class="java.lang.AssertionError">
            <message>
              <![CDATA[The following asserts failed:
did not expect [WxxpXsXspytbmtesGwYqbFWdVAxBCqMy] but found [WxxpXsXspytbmtesGwYqbFWdVAxBCqMy],
expected [Bhopal] but found [Command Area *],
To verify that user should able to download the 'pdf' file expected [true] but found [false]]]>
            </message>
            <full-stacktrace>
              <![CDATA[java.lang.AssertionError: The following asserts failed:
did not expect [WxxpXsXspytbmtesGwYqbFWdVAxBCqMy] but found [WxxpXsXspytbmtesGwYqbFWdVAxBCqMy],
expected [Bhopal] but found [Command Area *],
To verify that user should able to download the 'pdf' file expected [true] but found [false]
at org.testng.asserts.SoftAssert.assertAll(SoftAssert.java:47)
at org.testng.asserts.SoftAssert.assertAll(SoftAssert.java:31)
at com.awt.utills.reusablecomponents.SoftAssertTest.assertAll(SoftAssertTest.java:212)
at com.awt.test.Irrigation.oms.Master.Add_View_Village.VillageDetailsPageTest.verifyVillageDetailsPage(VillageDetailsPageTest.java:116)
at java.base/jdk.internal.reflect.NativeMethodAccessorImpl.invoke0(Native Method)
at java.base/jdk.internal.reflect.NativeMethodAccessorImpl.invoke(NativeMethodAccessorImpl.java:77)
at java.base/jdk.internal.reflect.DelegatingMethodAccessorImpl.invoke(DelegatingMethodAccessorImpl.java:43)
at java.base/java.lang.reflect.Method.invoke(Method.java:568)
at org.testng.internal.MethodInvocationHelper.invokeMethod(MethodInvocationHelper.java:133)
at org.testng.internal.TestInvoker.invokeMethod(TestInvoker.java:598)
at org.testng.internal.TestInvoker.invokeTestMethod(TestInvoker.java:173)
at org.testng.internal.MethodRunner.runInSequence(MethodRunner.java:46)
at org.testng.internal.TestInvoker$MethodInvocationAgent.invoke(TestInvoker.java:824)
at org.testng.internal.TestInvoker.invokeTestMethods(TestInvoker.java:146)
at org.testng.internal.TestMethodWorker.invokeTestMethods(TestMethodWorker.java:146)
at org.testng.internal.TestMethodWorker.run(TestMethodWorker.java:128)
at java.base/java.util.concurrent.ThreadPoolExecutor.runWorker(ThreadPoolExecutor.java:1136)
at java.base/java.util.concurrent.ThreadPoolExecutor$Worker.run(ThreadPoolExecutor.java:635)
at java.base/java.lang.Thread.run(Thread.java:842)
]]>
            </full-stacktrace>
          </exception> <!-- java.lang.AssertionError -->
          <reporter-output>
          </reporter-output>
        </test-method> <!-- verifyVillageDetailsPage -->
        <test-method is-config="true" signature="tearUp()[pri:0, instance:com.awt.test.Irrigation.oms.Master.Add_View_Village.VillageDetailsPageTest@459e9125]" started-at="2025-02-25T18:21:36 IST" name="tearUp" finished-at="2025-02-25T18:21:37 IST" duration-ms="1181" status="PASS">
          <reporter-output>
          </reporter-output>
        </test-method> <!-- tearUp -->
      </class> <!-- com.awt.test.Irrigation.oms.Master.Add_View_Village.VillageDetailsPageTest -->
    </test> <!-- Test -->
  </suite> <!-- Demo -->
</testng-results>
