<?xml version="1.0" encoding="UTF-8"?>
<!-- Generated by org.testng.reporters.JUnitReportReporter -->
<testsuite hostname="AnkitYadav" failures="1" tests="1" name="com.awt.test.User.AdminConfiguration.Settings.ReportTemplate.AdminReportTemplate" time="76.224" errors="0" timestamp="2024-08-21T17:32:38 IST" skipped="0">
  <testcase classname="com.awt.test.User.AdminConfiguration.Settings.ReportTemplate.AdminReportTemplate" name="verifyAdminReportTemplate" time="76.224">
    <failure message="The following asserts failed:
	expected [OMS-Door] but found [OMS - Door]" type="java.lang.AssertionError">
      <![CDATA[java.lang.AssertionError: The following asserts failed:
expected [OMS-Door] but found [OMS - Door]
at org.testng.asserts.SoftAssert.assertAll(SoftAssert.java:47)
at org.testng.asserts.SoftAssert.assertAll(SoftAssert.java:31)
at com.awt.utills.reusablecomponents.SoftAssertTest.assertAll(SoftAssertTest.java:212)
at com.awt.test.User.AdminConfiguration.Settings.ReportTemplate.AdminReportTemplate.verifyAdminReportTemplate(AdminReportTemplate.java:91)
at java.base/jdk.internal.reflect.NativeMethodAccessorImpl.invoke0(Native Method)
at java.base/jdk.internal.reflect.NativeMethodAccessorImpl.invoke(NativeMethodAccessorImpl.java:77)
at java.base/jdk.internal.reflect.DelegatingMethodAccessorImpl.invoke(DelegatingMethodAccessorImpl.java:43)
at java.base/java.lang.reflect.Method.invoke(Method.java:568)
at org.testng.internal.MethodInvocationHelper.invokeMethod(MethodInvocationHelper.java:133)
at org.testng.internal.TestInvoker.invokeMethod(TestInvoker.java:598)
at org.testng.internal.TestInvoker.invokeTestMethod(TestInvoker.java:173)
at org.testng.internal.MethodRunner.runInSequence(MethodRunner.java:46)
at org.testng.internal.TestInvoker$MethodInvocationAgent.invoke(TestInvoker.java:824)
at org.testng.internal.TestInvoker.invokeTestMethods(TestInvoker.java:146)
at org.testng.internal.TestMethodWorker.invokeTestMethods(TestMethodWorker.java:146)
at org.testng.internal.TestMethodWorker.run(TestMethodWorker.java:128)
at java.base/java.util.concurrent.ThreadPoolExecutor.runWorker(ThreadPoolExecutor.java:1136)
at java.base/java.util.concurrent.ThreadPoolExecutor$Worker.run(ThreadPoolExecutor.java:635)
at java.base/java.lang.Thread.run(Thread.java:842)
]]>
    </failure>
  </testcase> <!-- verifyAdminReportTemplate -->
  <system-out/>
</testsuite> <!-- com.awt.test.User.AdminConfiguration.Settings.ReportTemplate.AdminReportTemplate -->
